<?xml version="1.0" encoding="UTF-8"?>
<testsuites name="OSA Admin Dashboard API Tests" tests="23" failures="0" errors="0" time="1.213">
  <testsuite name="Vercel Authorization Regression Tests" errors="0" failures="0" skipped="0" timestamp="2025-11-22T09:33:16" time="0.414" tests="23">
    <testcase classname="Vercel Authorization Regression Tests Authorization Configuration Prevention should prevent missing VERCEL_TOKEN issues" name="Vercel Authorization Regression Tests Authorization Configuration Prevention should prevent missing VERCEL_TOKEN issues" time="0.004">
    </testcase>
    <testcase classname="Vercel Authorization Regression Tests Authorization Configuration Prevention should prevent interactive authentication prompts in CI" name="Vercel Authorization Regression Tests Authorization Configuration Prevention should prevent interactive authentication prompts in CI" time="0.002">
    </testcase>
    <testcase classname="Vercel Authorization Regression Tests Authorization Configuration Prevention should prevent recurring token expiration issues" name="Vercel Authorization Regression Tests Authorization Configuration Prevention should prevent recurring token expiration issues" time="0.001">
    </testcase>
    <testcase classname="Vercel Authorization Regression Tests Project Linking Validation should validate Vercel project is properly linked" name="Vercel Authorization Regression Tests Project Linking Validation should validate Vercel project is properly linked" time="0.001">
    </testcase>
    <testcase classname="Vercel Authorization Regression Tests Project Linking Validation should prevent project unlinking issues" name="Vercel Authorization Regression Tests Project Linking Validation should prevent project unlinking issues" time="0.001">
    </testcase>
    <testcase classname="Vercel Authorization Regression Tests Project Linking Validation should validate project ID consistency" name="Vercel Authorization Regression Tests Project Linking Validation should validate project ID consistency" time="0.001">
    </testcase>
    <testcase classname="Vercel Authorization Regression Tests Environment-Specific Authorization should handle different environments correctly" name="Vercel Authorization Regression Tests Environment-Specific Authorization should handle different environments correctly" time="0.001">
    </testcase>
    <testcase classname="Vercel Authorization Regression Tests Environment-Specific Authorization should prevent local development token leakage" name="Vercel Authorization Regression Tests Environment-Specific Authorization should prevent local development token leakage" time="0.001">
    </testcase>
    <testcase classname="Vercel Authorization Regression Tests Deployment Command Validation should use consistent Vercel deployment commands" name="Vercel Authorization Regression Tests Deployment Command Validation should use consistent Vercel deployment commands" time="0">
    </testcase>
    <testcase classname="Vercel Authorization Regression Tests Deployment Command Validation should prevent scope and team configuration issues" name="Vercel Authorization Regression Tests Deployment Command Validation should prevent scope and team configuration issues" time="0">
    </testcase>
    <testcase classname="Vercel Authorization Regression Tests Deployment Command Validation should handle deployment command failures gracefully" name="Vercel Authorization Regression Tests Deployment Command Validation should handle deployment command failures gracefully" time="0.001">
    </testcase>
    <testcase classname="Vercel Authorization Regression Tests Token Security and Management should prevent token exposure in logs" name="Vercel Authorization Regression Tests Token Security and Management should prevent token exposure in logs" time="0.001">
    </testcase>
    <testcase classname="Vercel Authorization Regression Tests Token Security and Management should validate token format and requirements" name="Vercel Authorization Regression Tests Token Security and Management should validate token format and requirements" time="0">
    </testcase>
    <testcase classname="Vercel Authorization Regression Tests Token Security and Management should provide secure token storage guidance" name="Vercel Authorization Regression Tests Token Security and Management should provide secure token storage guidance" time="0">
    </testcase>
    <testcase classname="Vercel Authorization Regression Tests Regression Prevention Mechanisms should have clear documentation for authorization setup" name="Vercel Authorization Regression Tests Regression Prevention Mechanisms should have clear documentation for authorization setup" time="0.001">
    </testcase>
    <testcase classname="Vercel Authorization Regression Tests Regression Prevention Mechanisms should validate all required secrets are documented" name="Vercel Authorization Regression Tests Regression Prevention Mechanisms should validate all required secrets are documented" time="0.001">
    </testcase>
    <testcase classname="Vercel Authorization Regression Tests Regression Prevention Mechanisms should have automated testing for deployment configuration" name="Vercel Authorization Regression Tests Regression Prevention Mechanisms should have automated testing for deployment configuration" time="0.001">
    </testcase>
    <testcase classname="Vercel Authorization Regression Tests Production URL and Endpoint Validation should prevent production URL configuration errors" name="Vercel Authorization Regression Tests Production URL and Endpoint Validation should prevent production URL configuration errors" time="0.001">
    </testcase>
    <testcase classname="Vercel Authorization Regression Tests Production URL and Endpoint Validation should validate GitHub repository URL consistency" name="Vercel Authorization Regression Tests Production URL and Endpoint Validation should validate GitHub repository URL consistency" time="0">
    </testcase>
    <testcase classname="Vercel Authorization Regression Tests Production URL and Endpoint Validation should prevent localhost configuration in production" name="Vercel Authorization Regression Tests Production URL and Endpoint Validation should prevent localhost configuration in production" time="0.001">
    </testcase>
    <testcase classname="Authorization Error Recovery Tests should provide recovery instructions for common auth failures" name="Authorization Error Recovery Tests should provide recovery instructions for common auth failures" time="0">
    </testcase>
    <testcase classname="Authorization Error Recovery Tests should handle token expiration gracefully" name="Authorization Error Recovery Tests should handle token expiration gracefully" time="0">
    </testcase>
    <testcase classname="Authorization Error Recovery Tests should provide alternative authentication methods" name="Authorization Error Recovery Tests should provide alternative authentication methods" time="0.001">
    </testcase>
  </testsuite>
</testsuites>