{"numTotalTestSuites":9,"numPassedTestSuites":9,"numFailedTestSuites":0,"numPendingTestSuites":0,"numTotalTests":19,"numPassedTests":19,"numFailedTests":0,"numPendingTests":0,"numTodoTests":0,"startTime":1762786766256,"success":true,"testResults":[{"assertionResults":[{"ancestorTitles":["","OPAL Discovery Fix - Functions Array Format","Critical Fix Validation"],"fullName":" OPAL Discovery Fix - Functions Array Format Critical Fix Validation MUST return functions array format (THE FIX)","status":"passed","title":"MUST return functions array format (THE FIX)","duration":21,"failureMessages":[]},{"ancestorTitles":["","OPAL Discovery Fix - Functions Array Format","Critical Fix Validation"],"fullName":" OPAL Discovery Fix - Functions Array Format Critical Fix Validation functions array must contain proper OPAL function structure","status":"passed","title":"functions array must contain proper OPAL function structure","duration":2,"failureMessages":[]},{"ancestorTitles":["","OPAL Discovery Fix - Functions Array Format","Critical Fix Validation"],"fullName":" OPAL Discovery Fix - Functions Array Format Critical Fix Validation parameters must use OPAL array format, not JSON Schema","status":"passed","title":"parameters must use OPAL array format, not JSON Schema","duration":3,"failureMessages":[]},{"ancestorTitles":["","OPAL Discovery Fix - Functions Array Format","Critical Fix Validation"],"fullName":" OPAL Discovery Fix - Functions Array Format Critical Fix Validation must include osa_workflow_data function with correct structure","status":"passed","title":"must include osa_workflow_data function with correct structure","duration":1,"failureMessages":[]},{"ancestorTitles":["","OPAL Discovery Fix - Functions Array Format","Anti-Regression Protection"],"fullName":" OPAL Discovery Fix - Functions Array Format Anti-Regression Protection NEVER return tools object format (prevents regression)","status":"passed","title":"NEVER return tools object format (prevents regression)","duration":2,"failureMessages":[]},{"ancestorTitles":["","OPAL Discovery Fix - Functions Array Format","Anti-Regression Protection"],"fullName":" OPAL Discovery Fix - Functions Array Format Anti-Regression Protection NEVER return parameter objects with properties field (JSON Schema)","status":"passed","title":"NEVER return parameter objects with properties field (JSON Schema)","duration":2,"failureMessages":[]},{"ancestorTitles":["","OPAL Discovery Fix - Functions Array Format","Anti-Regression Protection"],"fullName":" OPAL Discovery Fix - Functions Array Format Anti-Regression Protection parameters must be flat array, not nested schema objects","status":"passed","title":"parameters must be flat array, not nested schema objects","duration":1,"failureMessages":[]},{"ancestorTitles":["","OPAL Discovery Fix - Functions Array Format","OPAL Tools SDK Compliance"],"fullName":" OPAL Discovery Fix - Functions Array Format OPAL Tools SDK Compliance response must match OPAL Tools SDK discovery format","status":"passed","title":"response must match OPAL Tools SDK discovery format","duration":2,"failureMessages":[]},{"ancestorTitles":["","OPAL Discovery Fix - Functions Array Format","OPAL Tools SDK Compliance"],"fullName":" OPAL Discovery Fix - Functions Array Format OPAL Tools SDK Compliance function endpoint paths must be valid","status":"passed","title":"function endpoint paths must be valid","duration":2,"failureMessages":[]},{"ancestorTitles":["","OPAL Discovery Fix - Functions Array Format","OPAL Tools SDK Compliance"],"fullName":" OPAL Discovery Fix - Functions Array Format OPAL Tools SDK Compliance HTTP methods must be valid","status":"passed","title":"HTTP methods must be valid","duration":2,"failureMessages":[]},{"ancestorTitles":["","OPAL Discovery Fix - Functions Array Format","OPAL Tools SDK Compliance"],"fullName":" OPAL Discovery Fix - Functions Array Format OPAL Tools SDK Compliance parameter types must be OPAL-compatible","status":"passed","title":"parameter types must be OPAL-compatible","duration":2,"failureMessages":[]},{"ancestorTitles":["","OPAL Discovery Fix - Functions Array Format","Error Prevention Tests"],"fullName":" OPAL Discovery Fix - Functions Array Format Error Prevention Tests error responses must still maintain functions array consistency","status":"passed","title":"error responses must still maintain functions array consistency","duration":2,"failureMessages":[]},{"ancestorTitles":["","OPAL Discovery Fix - Functions Array Format","Error Prevention Tests"],"fullName":" OPAL Discovery Fix - Functions Array Format Error Prevention Tests malformed requests must not break functions array format","status":"passed","title":"malformed requests must not break functions array format","duration":1,"failureMessages":[]},{"ancestorTitles":["","OPAL Discovery Fix - Functions Array Format","Future Custom Tool Guidelines"],"fullName":" OPAL Discovery Fix - Functions Array Format Future Custom Tool Guidelines response structure must be template-compliant for new tools","status":"passed","title":"response structure must be template-compliant for new tools","duration":2,"failureMessages":[]},{"ancestorTitles":["","OPAL Discovery Fix - Functions Array Format","Future Custom Tool Guidelines"],"fullName":" OPAL Discovery Fix - Functions Array Format Future Custom Tool Guidelines parameter template must be OPAL-compliant for new tools","status":"passed","title":"parameter template must be OPAL-compliant for new tools","duration":1,"failureMessages":[]},{"ancestorTitles":["","OPAL Discovery Fix - Functions Array Format","Validation Integration Tests"],"fullName":" OPAL Discovery Fix - Functions Array Format Validation Integration Tests response must pass OPAL validation script format check","status":"passed","title":"response must pass OPAL validation script format check","duration":3,"failureMessages":[]},{"ancestorTitles":["","OPAL Discovery Fix - Functions Array Format","Validation Integration Tests"],"fullName":" OPAL Discovery Fix - Functions Array Format Validation Integration Tests must be compatible with curl and jq validation commands","status":"passed","title":"must be compatible with curl and jq validation commands","duration":1,"failureMessages":[]},{"ancestorTitles":["","OPAL Discovery Fix - Functions Array Format","Production Environment Validation"],"fullName":" OPAL Discovery Fix - Functions Array Format Production Environment Validation must work correctly in production environment detection","status":"passed","title":"must work correctly in production environment detection","duration":1,"failureMessages":[]},{"ancestorTitles":["","OPAL Discovery Fix - Functions Array Format","Production Environment Validation"],"fullName":" OPAL Discovery Fix - Functions Array Format Production Environment Validation discovery metadata must include proper timestamps","status":"passed","title":"discovery metadata must include proper timestamps","duration":2,"failureMessages":[]}],"startTime":1762786768509,"endTime":1762786768563,"status":"passed","message":"","name":"/Users/alexharris/Library/CloudStorage/OneDrive-Perficient,Inc/Perficient/clients/IFPA/ifpa-strategy/dev-opal-ai/my-nextjs-app/tests/unit/opal-discovery-fix.test.ts"}]}