{"numTotalTestSuites":21,"numPassedTestSuites":0,"numFailedTestSuites":21,"numPendingTestSuites":0,"numTotalTests":0,"numPassedTests":0,"numFailedTests":0,"numPendingTests":0,"numTodoTests":0,"startTime":1762959666979,"success":false,"testResults":[{"assertionResults":[],"startTime":1762959666979,"endTime":1762959666979,"status":"failed","message":"jest is not defined","name":"/Users/alexharris/Library/CloudStorage/OneDrive-Perficient,Inc/Perficient/clients/Perficient/opal-ai/dev-opal-ai/my-nextjs-app/tests/validation-gap-analysis.test.js"},{"assertionResults":[],"startTime":1762959666979,"endTime":1762959666979,"status":"failed","message":"jest is not defined","name":"/Users/alexharris/Library/CloudStorage/OneDrive-Perficient,Inc/Perficient/clients/Perficient/opal-ai/dev-opal-ai/my-nextjs-app/tests/integration/tools-integration.test.ts"},{"assertionResults":[],"startTime":1762959666979,"endTime":1762959666979,"status":"failed","message":"jest is not defined","name":"/Users/alexharris/Library/CloudStorage/OneDrive-Perficient,Inc/Perficient/clients/Perficient/opal-ai/dev-opal-ai/my-nextjs-app/tests/unit/api-resilience-validation.test.ts"},{"assertionResults":[],"startTime":1762959666979,"endTime":1762959666979,"status":"failed","message":"jest is not defined","name":"/Users/alexharris/Library/CloudStorage/OneDrive-Perficient,Inc/Perficient/clients/Perficient/opal-ai/dev-opal-ai/my-nextjs-app/tests/unit/auto-fix-validation.test.ts"},{"assertionResults":[],"startTime":1762959666979,"endTime":1762959666979,"status":"failed","message":"jest is not defined","name":"/Users/alexharris/Library/CloudStorage/OneDrive-Perficient,Inc/Perficient/clients/Perficient/opal-ai/dev-opal-ai/my-nextjs-app/tests/unit/csp-vercel-compatibility.test.js"},{"assertionResults":[],"startTime":1762959666979,"endTime":1762959666979,"status":"failed","message":"jest is not defined","name":"/Users/alexharris/Library/CloudStorage/OneDrive-Perficient,Inc/Perficient/clients/Perficient/opal-ai/dev-opal-ai/my-nextjs-app/tests/unit/deployment-environment-validation.test.js"},{"assertionResults":[],"startTime":1762959666979,"endTime":1762959666979,"status":"failed","message":"jest is not defined","name":"/Users/alexharris/Library/CloudStorage/OneDrive-Perficient,Inc/Perficient/clients/Perficient/opal-ai/dev-opal-ai/my-nextjs-app/tests/unit/deployment-validation.test.js"},{"assertionResults":[],"startTime":1762959666979,"endTime":1762959666979,"status":"failed","message":"jest is not defined","name":"/Users/alexharris/Library/CloudStorage/OneDrive-Perficient,Inc/Perficient/clients/Perficient/opal-ai/dev-opal-ai/my-nextjs-app/tests/unit/environment-variable-validation.test.ts"},{"assertionResults":[],"startTime":1762959666979,"endTime":1762959666979,"status":"failed","message":"jest is not defined","name":"/Users/alexharris/Library/CloudStorage/OneDrive-Perficient,Inc/Perficient/clients/Perficient/opal-ai/dev-opal-ai/my-nextjs-app/tests/unit/force-sync-error-scenarios.test.ts"},{"assertionResults":[],"startTime":1762959666979,"endTime":1762959666979,"status":"failed","message":"jest is not defined","name":"/Users/alexharris/Library/CloudStorage/OneDrive-Perficient,Inc/Perficient/clients/Perficient/opal-ai/dev-opal-ai/my-nextjs-app/tests/unit/force-sync-opal-payload-fix.test.ts"},{"assertionResults":[],"startTime":1762959666979,"endTime":1762959666979,"status":"failed","message":"jest is not defined","name":"/Users/alexharris/Library/CloudStorage/OneDrive-Perficient,Inc/Perficient/clients/Perficient/opal-ai/dev-opal-ai/my-nextjs-app/tests/unit/force-sync.test.ts"},{"assertionResults":[],"startTime":1762959666979,"endTime":1762959666979,"status":"failed","message":"jest is not defined","name":"/Users/alexharris/Library/CloudStorage/OneDrive-Perficient,Inc/Perficient/clients/Perficient/opal-ai/dev-opal-ai/my-nextjs-app/tests/unit/import-dependency-validation.test.ts"},{"assertionResults":[],"startTime":1762959666979,"endTime":1762959666979,"status":"failed","message":"jest is not defined","name":"/Users/alexharris/Library/CloudStorage/OneDrive-Perficient,Inc/Perficient/clients/Perficient/opal-ai/dev-opal-ai/my-nextjs-app/tests/unit/jsx-parsing-comprehensive-validation.test.ts"},{"assertionResults":[],"startTime":1762959666979,"endTime":1762959666979,"status":"failed","message":"jest is not defined","name":"/Users/alexharris/Library/CloudStorage/OneDrive-Perficient,Inc/Perficient/clients/Perficient/opal-ai/dev-opal-ai/my-nextjs-app/tests/unit/jsx-parsing-regression-prevention.test.ts"},{"assertionResults":[],"startTime":1762959666979,"endTime":1762959666979,"status":"failed","message":"jest is not defined","name":"/Users/alexharris/Library/CloudStorage/OneDrive-Perficient,Inc/Perficient/clients/Perficient/opal-ai/dev-opal-ai/my-nextjs-app/tests/unit/jsx-syntax-validation.test.ts"},{"assertionResults":[],"startTime":1762959666979,"endTime":1762959666979,"status":"failed","message":"jest is not defined","name":"/Users/alexharris/Library/CloudStorage/OneDrive-Perficient,Inc/Perficient/clients/Perficient/opal-ai/dev-opal-ai/my-nextjs-app/tests/unit/jwt-environment-regression.test.ts"},{"assertionResults":[],"startTime":1762959666979,"endTime":1762959666979,"status":"failed","message":"jest is not defined","name":"/Users/alexharris/Library/CloudStorage/OneDrive-Perficient,Inc/Perficient/clients/Perficient/opal-ai/dev-opal-ai/my-nextjs-app/tests/unit/opal-discovery-fix.test.ts"},{"assertionResults":[],"startTime":1762959666979,"endTime":1762959666979,"status":"failed","message":"jest is not defined","name":"/Users/alexharris/Library/CloudStorage/OneDrive-Perficient,Inc/Perficient/clients/Perficient/opal-ai/dev-opal-ai/my-nextjs-app/tests/unit/opal-discovery.test.ts"},{"assertionResults":[],"startTime":1762959666979,"endTime":1762959666979,"status":"failed","message":"jest is not defined","name":"/Users/alexharris/Library/CloudStorage/OneDrive-Perficient,Inc/Perficient/clients/Perficient/opal-ai/dev-opal-ai/my-nextjs-app/tests/unit/opal-workflow.test.ts"},{"assertionResults":[],"startTime":1762959666979,"endTime":1762959666979,"status":"failed","message":"jest is not defined","name":"/Users/alexharris/Library/CloudStorage/OneDrive-Perficient,Inc/Perficient/clients/Perficient/opal-ai/dev-opal-ai/my-nextjs-app/tests/unit/runtime-error-prevention.test.js"},{"assertionResults":[],"startTime":1762959666979,"endTime":1762959666979,"status":"failed","message":"jest is not defined","name":"/Users/alexharris/Library/CloudStorage/OneDrive-Perficient,Inc/Perficient/clients/Perficient/opal-ai/dev-opal-ai/my-nextjs-app/tests/unit/vercel-auth-regression.test.js"}]}